<?xml version="1.0" encoding="UTF-8"?>
<!-- Generated by org.testng.reporters.JUnitXMLReporter -->
<testsuite hostname="DESKTOP-30S7U1C" ignored="0" name="Test1" tests="5" failures="0" timestamp="2020-04-26T18:38:52 IST" time="75.42" errors="0">
  <testcase name="Login" time="9.537" classname="com.amazon.qa.testcases.LoginPageTest"/>
  <testcase name="Login" time="2.695" classname="com.amazon.qa.testcases.LoginPageTest"/>
  <testcase name="calItems" time="1.005" classname="com.amazon.qa.testcases.HomePageTest"/>
  <testcase name="calenderNewItem" time="3.494" classname="com.amazon.qa.testcases.HomePageTest"/>
  <testcase name="newEventInformation" time="3.441" classname="com.amazon.qa.testcases.HomePageTest"/>
</testsuite> <!-- Test1 -->
