<?xml version="1.0" encoding="UTF-8"?>
<!-- Generated by org.testng.reporters.JUnitXMLReporter -->
<testsuite hostname="DESKTOP-30S7U1C" ignored="1" name="Test" tests="2" failures="2" timestamp="2020-06-14T20:25:47 IST" time="17.16" errors="0">
  <testcase name="Calendar" time="2.162" classname="com.amazon.qa.testcases.CalendarTest">
    <failure type="java.lang.NullPointerException">
      <![CDATA[java.lang.NullPointerException
at com.amazon.utils.reusableMethods.hoverOver(reusableMethods.java:11)
at com.freecrm.pages.TopMenu.TopMenuItems.gotoCalendar(TopMenuItems.java:49)
at com.amazon.qa.testcases.CalendarTest.Calendar(CalendarTest.java:44)
at java.util.ArrayList.forEach(ArrayList.java:1257)
... Removed 27 stack frames]]>
    </failure>
  </testcase> <!-- Calendar -->
  <testcase name="calenderNewItem" time="0.003" classname="com.amazon.qa.testcases.CalendarTest">
    <failure type="java.lang.NullPointerException">
      <![CDATA[java.lang.NullPointerException
at com.amazon.qa.testcases.CalendarTest.calenderNewItem(CalendarTest.java:61)
at java.util.ArrayList.forEach(ArrayList.java:1257)
... Removed 27 stack frames]]>
    </failure>
  </testcase> <!-- calenderNewItem -->
  <testcase name="newEventInformation" time="0.0" classname="com.amazon.qa.testcases.CalendarTest">
    <ignored/>
  </testcase> <!-- newEventInformation -->
</testsuite> <!-- Test -->
