<?xml version="1.0" encoding="UTF-8"?>
<!-- Generated by org.testng.reporters.JUnitXMLReporter -->
<testsuite hostname="DESKTOP-30S7U1C" ignored="1" name="Test2" tests="3" failures="0" timestamp="2020-06-14T22:53:34 IST" time="38.634" errors="0">
  <testcase name="Login" time="7.438" classname="com.amazon.qa.testcases.LoginPageTest"/>
  <testcase name="Login" time="2.689" classname="com.amazon.qa.testcases.LoginPageTest"/>
  <testcase name="Login" time="2.899" classname="com.amazon.qa.testcases.LoginPageTest"/>
  <testcase name="Login1" time="0.0" classname="com.amazon.qa.testcases.LoginPageTest">
    <ignored/>
  </testcase> <!-- Login1 -->
</testsuite> <!-- Test2 -->
