<?xml version="1.0" encoding="UTF-8"?>
<!-- Generated by org.testng.reporters.JUnitXMLReporter -->
<testsuite hostname="DESKTOP-30S7U1C" ignored="0" name="Test" tests="3" failures="0" timestamp="2020-06-09T21:27:23 IST" time="34.844" errors="0">
  <testcase name="calItems" time="1.452" classname="com.amazon.qa.testcases.HomePageTest"/>
  <testcase name="calenderNewItem" time="3.673" classname="com.amazon.qa.testcases.HomePageTest"/>
  <testcase name="newEventInformation" time="4.868" classname="com.amazon.qa.testcases.HomePageTest"/>
</testsuite> <!-- Test -->
