<?xml version="1.0" encoding="UTF-8"?>
<!-- Generated by org.testng.reporters.JUnitXMLReporter -->
<testsuite hostname="DESKTOP-30S7U1C" ignored="1" name="Test1" tests="3" failures="0" timestamp="2020-06-14T20:20:08 IST" time="38.385" errors="0">
  <testcase name="Login" time="6.546" classname="com.amazon.qa.testcases.LoginPageTest"/>
  <testcase name="Login" time="2.929" classname="com.amazon.qa.testcases.LoginPageTest"/>
  <testcase name="Login" time="2.852" classname="com.amazon.qa.testcases.LoginPageTest"/>
  <testcase name="Login1" time="0.0" classname="com.amazon.qa.testcases.LoginPageTest">
    <ignored/>
  </testcase> <!-- Login1 -->
</testsuite> <!-- Test1 -->
