<?xml version="1.0" encoding="UTF-8"?>
<testng-results skipped="0" failed="0" ignored="0" total="3" passed="3">
  <reporter-output>
  </reporter-output>
  <suite name="Suite" duration-ms="34844" started-at="2020-06-09T21:26:48 IST" finished-at="2020-06-09T21:27:23 IST">
    <groups>
    </groups>
    <test name="Test" duration-ms="34844" started-at="2020-06-09T21:26:48 IST" finished-at="2020-06-09T21:27:23 IST">
      <class name="com.amazon.qa.testcases.HomePageTest">
        <test-method status="PASS" signature="initExtentReport()[pri:0, instance:com.amazon.qa.testcases.HomePageTest@a7b76d]" name="initExtentReport" is-config="true" duration-ms="228" started-at="2020-06-09T21:26:48 IST" finished-at="2020-06-09T21:26:48 IST">
          <reporter-output>
          </reporter-output>
        </test-method> <!-- initExtentReport -->
        <test-method status="PASS" signature="setUp()[pri:0, instance:com.amazon.qa.testcases.HomePageTest@a7b76d]" name="setUp" is-config="true" duration-ms="23733" started-at="2020-06-09T21:26:48 IST" finished-at="2020-06-09T21:27:12 IST">
          <reporter-output>
          </reporter-output>
        </test-method> <!-- setUp -->
        <test-method status="PASS" signature="calItems()[pri:3, instance:com.amazon.qa.testcases.HomePageTest@a7b76d]" name="calItems" duration-ms="1452" started-at="2020-06-09T21:27:12 IST" finished-at="2020-06-09T21:27:13 IST">
          <reporter-output>
          </reporter-output>
        </test-method> <!-- calItems -->
        <test-method status="PASS" signature="calenderNewItem()[pri:4, instance:com.amazon.qa.testcases.HomePageTest@a7b76d]" name="calenderNewItem" duration-ms="3673" started-at="2020-06-09T21:27:13 IST" finished-at="2020-06-09T21:27:17 IST">
          <reporter-output>
          </reporter-output>
        </test-method> <!-- calenderNewItem -->
        <test-method status="PASS" signature="newEventInformation()[pri:5, instance:com.amazon.qa.testcases.HomePageTest@a7b76d]" name="newEventInformation" duration-ms="4868" started-at="2020-06-09T21:27:17 IST" finished-at="2020-06-09T21:27:22 IST">
          <reporter-output>
          </reporter-output>
        </test-method> <!-- newEventInformation -->
        <test-method status="PASS" signature="tearDown()[pri:0, instance:com.amazon.qa.testcases.HomePageTest@a7b76d]" name="tearDown" is-config="true" duration-ms="1058" started-at="2020-06-09T21:27:22 IST" finished-at="2020-06-09T21:27:23 IST">
          <reporter-output>
          </reporter-output>
        </test-method> <!-- tearDown -->
        <test-method status="PASS" signature="generateExtentReport()[pri:0, instance:com.amazon.qa.testcases.HomePageTest@a7b76d]" name="generateExtentReport" is-config="true" duration-ms="615" started-at="2020-06-09T21:27:24 IST" finished-at="2020-06-09T21:27:24 IST">
          <reporter-output>
          </reporter-output>
        </test-method> <!-- generateExtentReport -->
      </class> <!-- com.amazon.qa.testcases.HomePageTest -->
    </test> <!-- Test -->
  </suite> <!-- Suite -->
</testng-results>
