<?xml version="1.0" encoding="UTF-8"?>
<testng-results skipped="0" failed="0" ignored="2" total="3" passed="1">
  <reporter-output>
  </reporter-output>
  <suite name="Suite" duration-ms="17003" started-at="2020-06-13T00:26:09 IST" finished-at="2020-06-13T00:26:26 IST">
    <groups>
    </groups>
    <test name="Test" duration-ms="17003" started-at="2020-06-13T00:26:09 IST" finished-at="2020-06-13T00:26:26 IST">
      <class name="com.amazon.qa.testcases.CalendarTest">
        <test-method status="PASS" signature="initExtentReport()[pri:0, instance:com.amazon.qa.testcases.CalendarTest@1329eff]" name="initExtentReport" is-config="true" duration-ms="219" started-at="2020-06-13T00:26:09 IST" finished-at="2020-06-13T00:26:09 IST">
          <reporter-output>
          </reporter-output>
        </test-method> <!-- initExtentReport -->
        <test-method status="PASS" signature="setUp()[pri:0, instance:com.amazon.qa.testcases.CalendarTest@1329eff]" name="setUp" is-config="true" duration-ms="14280" started-at="2020-06-13T00:26:09 IST" finished-at="2020-06-13T00:26:23 IST">
          <reporter-output>
          </reporter-output>
        </test-method> <!-- setUp -->
        <test-method status="PASS" signature="Calendar()[pri:3, instance:com.amazon.qa.testcases.CalendarTest@1329eff]" name="Calendar" duration-ms="2470" started-at="2020-06-13T00:26:24 IST" finished-at="2020-06-13T00:26:26 IST">
          <reporter-output>
          </reporter-output>
        </test-method> <!-- Calendar -->
        <test-method status="PASS" signature="tearDown()[pri:0, instance:com.amazon.qa.testcases.CalendarTest@1329eff]" name="tearDown" is-config="true" duration-ms="183" started-at="2020-06-13T00:26:26 IST" finished-at="2020-06-13T00:26:26 IST">
          <reporter-output>
          </reporter-output>
        </test-method> <!-- tearDown -->
        <test-method status="PASS" signature="generateExtentReport()[pri:0, instance:com.amazon.qa.testcases.CalendarTest@1329eff]" name="generateExtentReport" is-config="true" duration-ms="500" started-at="2020-06-13T00:26:26 IST" finished-at="2020-06-13T00:26:27 IST">
          <reporter-output>
          </reporter-output>
        </test-method> <!-- generateExtentReport -->
      </class> <!-- com.amazon.qa.testcases.CalendarTest -->
    </test> <!-- Test -->
  </suite> <!-- Suite -->
</testng-results>
